<?xml version="1.0" encoding="utf-8"?><testsuites name="pytest tests"><testsuite name="pytest" errors="11" failures="0" skipped="0" tests="11" time="1.406" timestamp="2025-06-15T07:18:49.766969-04:00" hostname="DESKTOP-1P5CD29"><testcase classname="test_e2e_full_integration.TestFullE2EIntegration" name="test_simple_feature_request_flow" time="0.056"><error message="failed on setup with &quot;TypeError: RAGService.__init__() got an unexpected keyword argument 'embedding_service'&quot;">tests/test_e2e_full_integration.py:236: in env
    await env.setup()
tests/test_e2e_full_integration.py:99: in setup
    self.rag_service = RAGService(
src/rag_service/adaptive_rag_service.py:50: in __init__
    super().__init__(
E   TypeError: RAGService.__init__() got an unexpected keyword argument 'embedding_service'</error></testcase><testcase classname="test_e2e_full_integration.TestFullE2EIntegration" name="test_coding_agent_implementation" time="0.000"><error message="failed on setup with &quot;TypeError: RAGService.__init__() got an unexpected keyword argument 'embedding_service'&quot;">tests/test_e2e_full_integration.py:236: in env
    await env.setup()
tests/test_e2e_full_integration.py:99: in setup
    self.rag_service = RAGService(
src/rag_service/adaptive_rag_service.py:50: in __init__
    super().__init__(
E   TypeError: RAGService.__init__() got an unexpected keyword argument 'embedding_service'</error></testcase><testcase classname="test_e2e_full_integration.TestFullE2EIntegration" name="test_architect_conversation_flow" time="0.000"><error message="failed on setup with &quot;TypeError: RAGService.__init__() got an unexpected keyword argument 'embedding_service'&quot;">tests/test_e2e_full_integration.py:236: in env
    await env.setup()
tests/test_e2e_full_integration.py:99: in setup
    self.rag_service = RAGService(
src/rag_service/adaptive_rag_service.py:50: in __init__
    super().__init__(
E   TypeError: RAGService.__init__() got an unexpected keyword argument 'embedding_service'</error></testcase><testcase classname="test_e2e_full_integration.TestFullE2EIntegration" name="test_adaptive_rag_integration" time="0.000"><error message="failed on setup with &quot;TypeError: RAGService.__init__() got an unexpected keyword argument 'embedding_service'&quot;">tests/test_e2e_full_integration.py:236: in env
    await env.setup()
tests/test_e2e_full_integration.py:99: in setup
    self.rag_service = RAGService(
src/rag_service/adaptive_rag_service.py:50: in __init__
    super().__init__(
E   TypeError: RAGService.__init__() got an unexpected keyword argument 'embedding_service'</error></testcase><testcase classname="test_e2e_full_integration.TestFullE2EIntegration" name="test_message_bus_communication" time="0.000"><error message="failed on setup with &quot;TypeError: RAGService.__init__() got an unexpected keyword argument 'embedding_service'&quot;">tests/test_e2e_full_integration.py:236: in env
    await env.setup()
tests/test_e2e_full_integration.py:99: in setup
    self.rag_service = RAGService(
src/rag_service/adaptive_rag_service.py:50: in __init__
    super().__init__(
E   TypeError: RAGService.__init__() got an unexpected keyword argument 'embedding_service'</error></testcase><testcase classname="test_e2e_full_integration.TestFullE2EIntegration" name="test_analyzer_architecture_detection" time="0.000"><error message="failed on setup with &quot;TypeError: RAGService.__init__() got an unexpected keyword argument 'embedding_service'&quot;">tests/test_e2e_full_integration.py:236: in env
    await env.setup()
tests/test_e2e_full_integration.py:99: in setup
    self.rag_service = RAGService(
src/rag_service/adaptive_rag_service.py:50: in __init__
    super().__init__(
E   TypeError: RAGService.__init__() got an unexpected keyword argument 'embedding_service'</error></testcase><testcase classname="test_e2e_full_integration.TestFullE2EIntegration" name="test_context_quality_critique" time="0.000"><error message="failed on setup with &quot;TypeError: RAGService.__init__() got an unexpected keyword argument 'embedding_service'&quot;">tests/test_e2e_full_integration.py:236: in env
    await env.setup()
tests/test_e2e_full_integration.py:99: in setup
    self.rag_service = RAGService(
src/rag_service/adaptive_rag_service.py:50: in __init__
    super().__init__(
E   TypeError: RAGService.__init__() got an unexpected keyword argument 'embedding_service'</error></testcase><testcase classname="test_e2e_full_integration.TestFullE2EIntegration" name="test_task_graph_hierarchy" time="0.000"><error message="failed on setup with &quot;TypeError: RAGService.__init__() got an unexpected keyword argument 'embedding_service'&quot;">tests/test_e2e_full_integration.py:236: in env
    await env.setup()
tests/test_e2e_full_integration.py:99: in setup
    self.rag_service = RAGService(
src/rag_service/adaptive_rag_service.py:50: in __init__
    super().__init__(
E   TypeError: RAGService.__init__() got an unexpected keyword argument 'embedding_service'</error></testcase><testcase classname="test_e2e_full_integration.TestFullE2EIntegration" name="test_webhook_integration" time="0.000"><error message="failed on setup with &quot;TypeError: RAGService.__init__() got an unexpected keyword argument 'embedding_service'&quot;">tests/test_e2e_full_integration.py:236: in env
    await env.setup()
tests/test_e2e_full_integration.py:99: in setup
    self.rag_service = RAGService(
src/rag_service/adaptive_rag_service.py:50: in __init__
    super().__init__(
E   TypeError: RAGService.__init__() got an unexpected keyword argument 'embedding_service'</error></testcase><testcase classname="test_e2e_full_integration.TestFullE2EIntegration" name="test_full_request_to_commit_flow" time="0.000"><error message="failed on setup with &quot;TypeError: RAGService.__init__() got an unexpected keyword argument 'embedding_service'&quot;">tests/test_e2e_full_integration.py:236: in env
    await env.setup()
tests/test_e2e_full_integration.py:99: in setup
    self.rag_service = RAGService(
src/rag_service/adaptive_rag_service.py:50: in __init__
    super().__init__(
E   TypeError: RAGService.__init__() got an unexpected keyword argument 'embedding_service'</error></testcase><testcase classname="test_e2e_full_integration.TestLLMIntegration" name="test_llm_structured_output" time="0.023"><error message="failed on setup with &quot;TypeError: RAGService.__init__() got an unexpected keyword argument 'embedding_service'&quot;">tests/test_e2e_full_integration.py:617: in env
    await env.setup()
tests/test_e2e_full_integration.py:99: in setup
    self.rag_service = RAGService(
src/rag_service/adaptive_rag_service.py:50: in __init__
    super().__init__(
E   TypeError: RAGService.__init__() got an unexpected keyword argument 'embedding_service'</error></testcase></testsuite></testsuites>