<?xml version="1.0" encoding="utf-8"?><testsuites name="pytest tests"><testsuite name="pytest" errors="1" failures="0" skipped="0" tests="1" time="2.373" timestamp="2025-06-15T07:08:54.482708-04:00" hostname="DESKTOP-1P5CD29"><testcase classname="" name="test_e2e_full_integration" time="0.000"><error message="collection failure">ImportError while importing test module '/home/riley/Programming/agent/tests/test_e2e_full_integration.py'.
Hint: make sure your test modules/packages have valid Python names.
Traceback:
/usr/lib/python3.10/importlib/__init__.py:126: in import_module
    return _bootstrap._gcd_import(name[level:], package, level)
tests/test_e2e_full_integration.py:46: in &lt;module&gt;
    from src.analyzer.integrated_analyzer import IntegratedAnalyzer
E   ModuleNotFoundError: No module named 'src.analyzer.integrated_analyzer'</error></testcase></testsuite></testsuites>