<?xml version="1.0" encoding="utf-8"?><testsuites name="pytest tests"><testsuite name="pytest" errors="11" failures="0" skipped="0" tests="11" time="14.938" timestamp="2025-06-15T07:15:23.199396-04:00" hostname="DESKTOP-1P5CD29"><testcase classname="test_e2e_full_integration.TestFullE2EIntegration" name="test_simple_feature_request_flow" time="0.157"><error message="failed on setup with &quot;ValueError: &quot;LoggingSettings&quot; object has no field &quot;level&quot;&quot;">tests/test_e2e_full_integration.py:235: in env
    await env.setup()
tests/test_e2e_full_integration.py:85: in setup
    self.settings.logging.level = "DEBUG"
venv/lib/python3.10/site-packages/pydantic/main.py:997: in __setattr__
    elif (setattr_handler := self._setattr_handler(name, value)) is not None:
venv/lib/python3.10/site-packages/pydantic/main.py:1044: in _setattr_handler
    raise ValueError(f'"{cls.__name__}" object has no field "{name}"')
E   ValueError: "LoggingSettings" object has no field "level"</error></testcase><testcase classname="test_e2e_full_integration.TestFullE2EIntegration" name="test_coding_agent_implementation" time="0.000"><error message="failed on setup with &quot;ValueError: &quot;LoggingSettings&quot; object has no field &quot;level&quot;&quot;">tests/test_e2e_full_integration.py:235: in env
    await env.setup()
tests/test_e2e_full_integration.py:85: in setup
    self.settings.logging.level = "DEBUG"
venv/lib/python3.10/site-packages/pydantic/main.py:997: in __setattr__
    elif (setattr_handler := self._setattr_handler(name, value)) is not None:
venv/lib/python3.10/site-packages/pydantic/main.py:1044: in _setattr_handler
    raise ValueError(f'"{cls.__name__}" object has no field "{name}"')
E   ValueError: "LoggingSettings" object has no field "level"</error></testcase><testcase classname="test_e2e_full_integration.TestFullE2EIntegration" name="test_architect_conversation_flow" time="0.000"><error message="failed on setup with &quot;ValueError: &quot;LoggingSettings&quot; object has no field &quot;level&quot;&quot;">tests/test_e2e_full_integration.py:235: in env
    await env.setup()
tests/test_e2e_full_integration.py:85: in setup
    self.settings.logging.level = "DEBUG"
venv/lib/python3.10/site-packages/pydantic/main.py:997: in __setattr__
    elif (setattr_handler := self._setattr_handler(name, value)) is not None:
venv/lib/python3.10/site-packages/pydantic/main.py:1044: in _setattr_handler
    raise ValueError(f'"{cls.__name__}" object has no field "{name}"')
E   ValueError: "LoggingSettings" object has no field "level"</error></testcase><testcase classname="test_e2e_full_integration.TestFullE2EIntegration" name="test_adaptive_rag_integration" time="0.000"><error message="failed on setup with &quot;ValueError: &quot;LoggingSettings&quot; object has no field &quot;level&quot;&quot;">tests/test_e2e_full_integration.py:235: in env
    await env.setup()
tests/test_e2e_full_integration.py:85: in setup
    self.settings.logging.level = "DEBUG"
venv/lib/python3.10/site-packages/pydantic/main.py:997: in __setattr__
    elif (setattr_handler := self._setattr_handler(name, value)) is not None:
venv/lib/python3.10/site-packages/pydantic/main.py:1044: in _setattr_handler
    raise ValueError(f'"{cls.__name__}" object has no field "{name}"')
E   ValueError: "LoggingSettings" object has no field "level"</error></testcase><testcase classname="test_e2e_full_integration.TestFullE2EIntegration" name="test_message_bus_communication" time="0.000"><error message="failed on setup with &quot;ValueError: &quot;LoggingSettings&quot; object has no field &quot;level&quot;&quot;">tests/test_e2e_full_integration.py:235: in env
    await env.setup()
tests/test_e2e_full_integration.py:85: in setup
    self.settings.logging.level = "DEBUG"
venv/lib/python3.10/site-packages/pydantic/main.py:997: in __setattr__
    elif (setattr_handler := self._setattr_handler(name, value)) is not None:
venv/lib/python3.10/site-packages/pydantic/main.py:1044: in _setattr_handler
    raise ValueError(f'"{cls.__name__}" object has no field "{name}"')
E   ValueError: "LoggingSettings" object has no field "level"</error></testcase><testcase classname="test_e2e_full_integration.TestFullE2EIntegration" name="test_analyzer_architecture_detection" time="0.000"><error message="failed on setup with &quot;ValueError: &quot;LoggingSettings&quot; object has no field &quot;level&quot;&quot;">tests/test_e2e_full_integration.py:235: in env
    await env.setup()
tests/test_e2e_full_integration.py:85: in setup
    self.settings.logging.level = "DEBUG"
venv/lib/python3.10/site-packages/pydantic/main.py:997: in __setattr__
    elif (setattr_handler := self._setattr_handler(name, value)) is not None:
venv/lib/python3.10/site-packages/pydantic/main.py:1044: in _setattr_handler
    raise ValueError(f'"{cls.__name__}" object has no field "{name}"')
E   ValueError: "LoggingSettings" object has no field "level"</error></testcase><testcase classname="test_e2e_full_integration.TestFullE2EIntegration" name="test_context_quality_critique" time="0.000"><error message="failed on setup with &quot;ValueError: &quot;LoggingSettings&quot; object has no field &quot;level&quot;&quot;">tests/test_e2e_full_integration.py:235: in env
    await env.setup()
tests/test_e2e_full_integration.py:85: in setup
    self.settings.logging.level = "DEBUG"
venv/lib/python3.10/site-packages/pydantic/main.py:997: in __setattr__
    elif (setattr_handler := self._setattr_handler(name, value)) is not None:
venv/lib/python3.10/site-packages/pydantic/main.py:1044: in _setattr_handler
    raise ValueError(f'"{cls.__name__}" object has no field "{name}"')
E   ValueError: "LoggingSettings" object has no field "level"</error></testcase><testcase classname="test_e2e_full_integration.TestFullE2EIntegration" name="test_task_graph_hierarchy" time="0.000"><error message="failed on setup with &quot;ValueError: &quot;LoggingSettings&quot; object has no field &quot;level&quot;&quot;">tests/test_e2e_full_integration.py:235: in env
    await env.setup()
tests/test_e2e_full_integration.py:85: in setup
    self.settings.logging.level = "DEBUG"
venv/lib/python3.10/site-packages/pydantic/main.py:997: in __setattr__
    elif (setattr_handler := self._setattr_handler(name, value)) is not None:
venv/lib/python3.10/site-packages/pydantic/main.py:1044: in _setattr_handler
    raise ValueError(f'"{cls.__name__}" object has no field "{name}"')
E   ValueError: "LoggingSettings" object has no field "level"</error></testcase><testcase classname="test_e2e_full_integration.TestFullE2EIntegration" name="test_webhook_integration" time="0.000"><error message="failed on setup with &quot;ValueError: &quot;LoggingSettings&quot; object has no field &quot;level&quot;&quot;">tests/test_e2e_full_integration.py:235: in env
    await env.setup()
tests/test_e2e_full_integration.py:85: in setup
    self.settings.logging.level = "DEBUG"
venv/lib/python3.10/site-packages/pydantic/main.py:997: in __setattr__
    elif (setattr_handler := self._setattr_handler(name, value)) is not None:
venv/lib/python3.10/site-packages/pydantic/main.py:1044: in _setattr_handler
    raise ValueError(f'"{cls.__name__}" object has no field "{name}"')
E   ValueError: "LoggingSettings" object has no field "level"</error></testcase><testcase classname="test_e2e_full_integration.TestFullE2EIntegration" name="test_full_request_to_commit_flow" time="0.001"><error message="failed on setup with &quot;ValueError: &quot;LoggingSettings&quot; object has no field &quot;level&quot;&quot;">tests/test_e2e_full_integration.py:235: in env
    await env.setup()
tests/test_e2e_full_integration.py:85: in setup
    self.settings.logging.level = "DEBUG"
venv/lib/python3.10/site-packages/pydantic/main.py:997: in __setattr__
    elif (setattr_handler := self._setattr_handler(name, value)) is not None:
venv/lib/python3.10/site-packages/pydantic/main.py:1044: in _setattr_handler
    raise ValueError(f'"{cls.__name__}" object has no field "{name}"')
E   ValueError: "LoggingSettings" object has no field "level"</error></testcase><testcase classname="test_e2e_full_integration.TestLLMIntegration" name="test_llm_structured_output" time="0.022"><error message="failed on setup with &quot;ValueError: &quot;LoggingSettings&quot; object has no field &quot;level&quot;&quot;">tests/test_e2e_full_integration.py:616: in env
    await env.setup()
tests/test_e2e_full_integration.py:85: in setup
    self.settings.logging.level = "DEBUG"
venv/lib/python3.10/site-packages/pydantic/main.py:997: in __setattr__
    elif (setattr_handler := self._setattr_handler(name, value)) is not None:
venv/lib/python3.10/site-packages/pydantic/main.py:1044: in _setattr_handler
    raise ValueError(f'"{cls.__name__}" object has no field "{name}"')
E   ValueError: "LoggingSettings" object has no field "level"</error></testcase></testsuite></testsuites>