<?xml version="1.0" encoding="utf-8"?><testsuites name="pytest tests"><testsuite name="pytest" errors="1" failures="0" skipped="0" tests="1" time="1.174" timestamp="2025-06-15T07:06:28.053876-04:00" hostname="DESKTOP-1P5CD29"><testcase classname="" name="test_e2e_full_integration" time="0.000"><error message="collection failure">ImportError while importing test module '/home/riley/Programming/agent/tests/test_e2e_full_integration.py'.
Hint: make sure your test modules/packages have valid Python names.
Traceback:
/usr/lib/python3.10/importlib/__init__.py:126: in import_module
    return _bootstrap._gcd_import(name[level:], package, level)
tests/test_e2e_full_integration.py:39: in &lt;module&gt;
    from src.core.agent_factory import IntegratedAgentFactory
src/core/agent_factory.py:18: in &lt;module&gt;
    from ..request_planner.integrated_request_planner import IntegratedRequestPlanner
src/request_planner/__init__.py:13: in &lt;module&gt;
    from .messaging_service import RequestPlannerMessagingService
src/request_planner/messaging_service.py:19: in &lt;module&gt;
    from ..messaging.kafka_impl import KafkaMessageQueue
src/messaging/kafka_impl.py:11: in &lt;module&gt;
    from confluent_kafka import Producer as KafkaProducer
E   ModuleNotFoundError: No module named 'confluent_kafka'</error></testcase></testsuite></testsuites>